app/build/intermediates/manifest_merge_blame_file/debug/manifest-merger-blame-debug-report.txt
1<?xml version="1.0" encoding="utf-8"?>
2<manifest xmlns:android="http://schemas.android.com/apk/res/android"
3    package="com.witnip.bmi"
4    android:versionCode="1"
5    android:versionName="1.0" >
6
7    <uses-sdk
8        android:minSdkVersion="19"
8-->src\main\AndroidManifest.xml
9        android:targetSdkVersion="28" />
9-->src\main\AndroidManifest.xml
10
11    <uses-permission android:name="android.permission.INTERNET" />
11-->src\main\AndroidManifest.xml:5:5-67
11-->src\main\AndroidManifest.xml:5:22-64
12    <uses-permission android:name="android.permission.READ_EXTERNAL_STORAGE" />
12-->src\main\AndroidManifest.xml:6:5-80
12-->src\main\AndroidManifest.xml:6:22-77
13    <uses-permission android:name="android.permission.WRITE_EXTERNAL_STORAGE" />
13-->src\main\AndroidManifest.xml:7:5-81
13-->src\main\AndroidManifest.xml:7:22-78
14    <uses-permission android:name="android.permission.ACCESS_NETWORK_STATE" />
14-->[com.google.firebase:firebase-auth:20.0.1] AndroidManifest.xml:24:5-79
14-->[com.google.firebase:firebase-auth:20.0.1] AndroidManifest.xml:24:22-76
15    <uses-permission android:name="android.permission.WAKE_LOCK" />
15-->[com.google.android.gms:play-services-measurement:18.0.0] AndroidManifest.xml:25:5-68
15-->[com.google.android.gms:play-services-measurement:18.0.0] AndroidManifest.xml:25:22-65
16    <uses-permission android:name="com.google.android.finsky.permission.BIND_GET_INSTALL_REFERRER_SERVICE" />
16-->[com.google.android.gms:play-services-measurement:18.0.0] AndroidManifest.xml:26:5-110
16-->[com.google.android.gms:play-services-measurement:18.0.0] AndroidManifest.xml:26:22-107
17
18    <application
18-->src\main\AndroidManifest.xml:9:5-120:19
19        android:name="androidx.multidex.MultiDexApplication"
20        android:allowBackup="true"
20-->src\main\AndroidManifest.xml:10:9-35
21        android:appComponentFactory="androidx.core.app.CoreComponentFactory"
21-->[androidx.core:core:1.3.1] AndroidManifest.xml:24:18-86
22        android:debuggable="true"
23        android:icon="@mipmap/ic_launcher"
23-->src\main\AndroidManifest.xml:11:9-43
24        android:label="@string/app_name"
24-->src\main\AndroidManifest.xml:12:9-41
25        android:roundIcon="@mipmap/ic_launcher_round"
25-->src\main\AndroidManifest.xml:13:9-54
26        android:supportsRtl="true"
26-->src\main\AndroidManifest.xml:14:9-35
27        android:testOnly="true"
28        android:theme="@style/AppTheme" >
28-->src\main\AndroidManifest.xml:15:9-40
29        <activity android:name="com.witnip.bmi.Activities.WaterIntakeGraph" />
29-->src\main\AndroidManifest.xml:16:9-74
29-->src\main\AndroidManifest.xml:16:19-62
30        <activity
30-->src\main\AndroidManifest.xml:17:9-19:46
31            android:name="com.witnip.bmi.Activities.WeightTracker"
31-->src\main\AndroidManifest.xml:18:13-53
32            android:label="Weight Tracker" />
32-->src\main\AndroidManifest.xml:19:13-43
33        <activity
33-->src\main\AndroidManifest.xml:20:9-22:59
34            android:name="com.witnip.bmi.Activities.WaterIntake"
34-->src\main\AndroidManifest.xml:21:13-51
35            android:theme="@style/AppTheme.NoActionBar" />
35-->src\main\AndroidManifest.xml:22:13-56
36        <activity
36-->src\main\AndroidManifest.xml:23:9-25:51
37            android:name="com.witnip.bmi.Activities.IdealWeightResult"
37-->src\main\AndroidManifest.xml:24:13-57
38            android:label="Ideal Weight Result" />
38-->src\main\AndroidManifest.xml:25:13-48
39        <activity
39-->src\main\AndroidManifest.xml:26:9-28:40
40            android:name="com.witnip.bmi.Activities.CaloriesCalculation"
40-->src\main\AndroidManifest.xml:27:13-59
41            android:label="Calories" />
41-->src\main\AndroidManifest.xml:28:13-37
42        <activity
42-->src\main\AndroidManifest.xml:29:9-31:44
43            android:name="com.witnip.bmi.Activities.IdealWeightCalculation"
43-->src\main\AndroidManifest.xml:30:13-62
44            android:label="Ideal Weight" />
44-->src\main\AndroidManifest.xml:31:13-41
45        <activity
45-->src\main\AndroidManifest.xml:32:9-34:42
46            android:name="com.witnip.bmi.Activities.BfpResult"
46-->src\main\AndroidManifest.xml:33:13-49
47            android:label="BFP Result" />
47-->src\main\AndroidManifest.xml:34:13-39
48        <activity
48-->src\main\AndroidManifest.xml:35:9-37:47
49            android:name="com.witnip.bmi.Activities.BfpCalculation"
49-->src\main\AndroidManifest.xml:36:13-54
50            android:label="BFP Calculation" />
50-->src\main\AndroidManifest.xml:37:13-44
51        <activity
51-->src\main\AndroidManifest.xml:38:9-40:43
52            android:name="com.witnip.bmi.Activities.WeightGoal"
52-->src\main\AndroidManifest.xml:39:13-50
53            android:label="Weight Goal" />
53-->src\main\AndroidManifest.xml:40:13-40
54        <activity
54-->src\main\AndroidManifest.xml:41:9-49:20
55            android:name="com.witnip.bmi.Activities.Splash"
55-->src\main\AndroidManifest.xml:42:13-46
56            android:theme="@style/AppTheme.NoActionBar" >
56-->src\main\AndroidManifest.xml:43:13-56
57            <intent-filter>
57-->src\main\AndroidManifest.xml:44:13-48:29
58                <action android:name="android.intent.action.MAIN" />
58-->src\main\AndroidManifest.xml:45:17-69
58-->src\main\AndroidManifest.xml:45:25-66
59
60                <category android:name="android.intent.category.LAUNCHER" />
60-->src\main\AndroidManifest.xml:47:17-77
60-->src\main\AndroidManifest.xml:47:27-74
61            </intent-filter>
62        </activity>
63        <activity
63-->src\main\AndroidManifest.xml:50:9-53:59
64            android:name="com.witnip.bmi.Activities.Share"
64-->src\main\AndroidManifest.xml:51:13-45
65            android:label="Share"
65-->src\main\AndroidManifest.xml:52:13-34
66            android:theme="@style/AppTheme.NoActionBar" />
66-->src\main\AndroidManifest.xml:53:13-56
67        <activity
67-->src\main\AndroidManifest.xml:54:9-57:59
68            android:name="com.witnip.bmi.Activities.SetUpActivity"
68-->src\main\AndroidManifest.xml:55:13-53
69            android:label="Setup"
69-->src\main\AndroidManifest.xml:56:13-34
70            android:theme="@style/AppTheme.NoActionBar" />
70-->src\main\AndroidManifest.xml:57:13-56
71        <activity
71-->src\main\AndroidManifest.xml:58:9-61:59
72            android:name="com.witnip.bmi.Activities.ResetPassword"
72-->src\main\AndroidManifest.xml:59:13-53
73            android:label="@string/app_name"
73-->src\main\AndroidManifest.xml:60:13-45
74            android:theme="@style/AppTheme.NoActionBar" />
74-->src\main\AndroidManifest.xml:61:13-56
75        <activity
75-->src\main\AndroidManifest.xml:62:9-64:59
76            android:name="com.witnip.bmi.Activities.Register"
76-->src\main\AndroidManifest.xml:63:13-48
77            android:theme="@style/AppTheme.NoActionBar" />
77-->src\main\AndroidManifest.xml:64:13-56
78        <activity
78-->src\main\AndroidManifest.xml:65:9-66:38
79            android:name="com.witnip.bmi.Activities.Profile"
79-->src\main\AndroidManifest.xml:65:19-53
80            android:label="Profile" />
80-->src\main\AndroidManifest.xml:66:13-36
81        <activity
81-->src\main\AndroidManifest.xml:67:9-69:59
82            android:name="com.witnip.bmi.Activities.OnBoard"
82-->src\main\AndroidManifest.xml:68:13-47
83            android:theme="@style/AppTheme.NoActionBar" />
83-->src\main\AndroidManifest.xml:69:13-56
84        <activity
84-->src\main\AndroidManifest.xml:70:9-72:59
85            android:name="com.witnip.bmi.Activities.Logout"
85-->src\main\AndroidManifest.xml:71:13-46
86            android:theme="@style/AppTheme.NoActionBar" />
86-->src\main\AndroidManifest.xml:72:13-56
87        <activity
87-->src\main\AndroidManifest.xml:73:9-75:59
88            android:name="com.witnip.bmi.Activities.Login"
88-->src\main\AndroidManifest.xml:74:13-45
89            android:theme="@style/AppTheme.NoActionBar" />
89-->src\main\AndroidManifest.xml:75:13-56
90        <activity android:name="com.witnip.bmi.Activities.FeedBack" />
90-->src\main\AndroidManifest.xml:76:9-57
90-->src\main\AndroidManifest.xml:76:19-54
91        <activity
91-->src\main\AndroidManifest.xml:77:9-79:44
92            android:name="com.witnip.bmi.Activities.EditProfile"
92-->src\main\AndroidManifest.xml:78:13-51
93            android:label="Edit profile" />
93-->src\main\AndroidManifest.xml:79:13-41
94        <activity
94-->src\main\AndroidManifest.xml:80:9-82:36
95            android:name="com.witnip.bmi.Activities.Diet"
95-->src\main\AndroidManifest.xml:81:13-44
96            android:label="Diet" />
96-->src\main\AndroidManifest.xml:82:13-33
97        <activity
97-->src\main\AndroidManifest.xml:83:9-85:42
98            android:name="com.witnip.bmi.Activities.BmiResult"
98-->src\main\AndroidManifest.xml:84:13-49
99            android:label="BMI Result" />
99-->src\main\AndroidManifest.xml:85:13-39
100        <activity
100-->src\main\AndroidManifest.xml:86:9-88:35
101            android:name="com.witnip.bmi.Activities.BmiCalculation"
101-->src\main\AndroidManifest.xml:87:13-54
102            android:label="BMI" />
102-->src\main\AndroidManifest.xml:88:13-32
103        <activity
103-->src\main\AndroidManifest.xml:89:9-91:37
104            android:name="com.witnip.bmi.Activities.About"
104-->src\main\AndroidManifest.xml:90:13-45
105            android:label="About" />
105-->src\main\AndroidManifest.xml:91:13-34
106        <activity
106-->src\main\AndroidManifest.xml:92:9-95:59
107            android:name="com.witnip.bmi.Activities.MainActivity"
107-->src\main\AndroidManifest.xml:93:13-52
108            android:label="@string/app_name"
108-->src\main\AndroidManifest.xml:94:13-45
109            android:theme="@style/AppTheme.NoActionBar" />
109-->src\main\AndroidManifest.xml:95:13-56
110
111        <meta-data
111-->src\main\AndroidManifest.xml:97:9-99:55
112            android:name="com.facebook.sdk.ApplicationId"
112-->src\main\AndroidManifest.xml:98:13-58
113            android:value="@string/facebook_app_id" />
113-->src\main\AndroidManifest.xml:99:13-52
114
115        <activity
115-->src\main\AndroidManifest.xml:101:9-104:48
116            android:name="com.facebook.FacebookActivity"
116-->src\main\AndroidManifest.xml:102:13-57
117            android:configChanges="keyboard|keyboardHidden|screenLayout|screenSize|orientation"
117-->src\main\AndroidManifest.xml:103:13-96
118            android:label="@string/app_name"
118-->src\main\AndroidManifest.xml:104:13-45
119            android:theme="@style/com_facebook_activity_theme" />
119-->[com.facebook.android:facebook-common:5.15.3] AndroidManifest.xml:33:13-63
120        <activity
120-->src\main\AndroidManifest.xml:105:9-116:20
121            android:name="com.facebook.CustomTabActivity"
121-->src\main\AndroidManifest.xml:106:13-58
122            android:exported="true" >
122-->src\main\AndroidManifest.xml:107:13-36
123            <intent-filter>
123-->src\main\AndroidManifest.xml:108:13-115:29
124                <action android:name="android.intent.action.VIEW" />
124-->src\main\AndroidManifest.xml:109:17-69
124-->src\main\AndroidManifest.xml:109:25-66
125
126                <category android:name="android.intent.category.DEFAULT" />
126-->src\main\AndroidManifest.xml:111:17-76
126-->src\main\AndroidManifest.xml:111:27-73
127                <category android:name="android.intent.category.BROWSABLE" />
127-->src\main\AndroidManifest.xml:112:17-78
127-->src\main\AndroidManifest.xml:112:27-75
128
129                <data android:scheme="@string/fb_login_protocol_scheme" />
129-->src\main\AndroidManifest.xml:114:17-75
129-->src\main\AndroidManifest.xml:114:23-72
130            </intent-filter>
131            <intent-filter>
131-->[com.facebook.android:facebook-common:5.15.3] AndroidManifest.xml:39:13-48:29
132                <action android:name="android.intent.action.VIEW" />
132-->src\main\AndroidManifest.xml:109:17-69
132-->src\main\AndroidManifest.xml:109:25-66
133
134                <category android:name="android.intent.category.DEFAULT" />
134-->src\main\AndroidManifest.xml:111:17-76
134-->src\main\AndroidManifest.xml:111:27-73
135                <category android:name="android.intent.category.BROWSABLE" />
135-->src\main\AndroidManifest.xml:112:17-78
135-->src\main\AndroidManifest.xml:112:27-75
136
137                <data
137-->src\main\AndroidManifest.xml:114:17-75
138                    android:host="cct.com.witnip.bmi"
139                    android:scheme="fbconnect" />
139-->src\main\AndroidManifest.xml:114:23-72
140            </intent-filter>
141        </activity>
142        <activity
142-->src\main\AndroidManifest.xml:117:9-119:59
143            android:name="com.theartofdev.edmodo.cropper.CropImageActivity"
143-->src\main\AndroidManifest.xml:118:13-76
144            android:theme="@style/Base.Theme.AppCompat" />
144-->src\main\AndroidManifest.xml:119:13-56
145        <activity android:name="com.facebook.CustomTabMainActivity" />
145-->[com.facebook.android:facebook-common:5.15.3] AndroidManifest.xml:34:9-71
145-->[com.facebook.android:facebook-common:5.15.3] AndroidManifest.xml:34:19-68
146        <activity
146-->[com.google.firebase:firebase-auth:20.0.1] AndroidManifest.xml:27:9-44:20
147            android:name="com.google.firebase.auth.internal.GenericIdpActivity"
147-->[com.google.firebase:firebase-auth:20.0.1] AndroidManifest.xml:28:13-80
148            android:excludeFromRecents="true"
148-->[com.google.firebase:firebase-auth:20.0.1] AndroidManifest.xml:29:13-46
149            android:exported="true"
149-->[com.google.firebase:firebase-auth:20.0.1] AndroidManifest.xml:30:13-36
150            android:launchMode="singleTask"
150-->[com.google.firebase:firebase-auth:20.0.1] AndroidManifest.xml:31:13-44
151            android:theme="@android:style/Theme.Translucent.NoTitleBar" >
151-->[com.google.firebase:firebase-auth:20.0.1] AndroidManifest.xml:32:13-72
152            <intent-filter>
152-->[com.google.firebase:firebase-auth:20.0.1] AndroidManifest.xml:33:13-43:29
153                <action android:name="android.intent.action.VIEW" />
153-->src\main\AndroidManifest.xml:109:17-69
153-->src\main\AndroidManifest.xml:109:25-66
154
155                <category android:name="android.intent.category.DEFAULT" />
155-->src\main\AndroidManifest.xml:111:17-76
155-->src\main\AndroidManifest.xml:111:27-73
156                <category android:name="android.intent.category.BROWSABLE" />
156-->src\main\AndroidManifest.xml:112:17-78
156-->src\main\AndroidManifest.xml:112:27-75
157
158                <data
158-->src\main\AndroidManifest.xml:114:17-75
159                    android:host="firebase.auth"
160                    android:path="/"
161                    android:scheme="genericidp" />
161-->src\main\AndroidManifest.xml:114:23-72
162            </intent-filter>
163        </activity>
164        <activity
164-->[com.google.firebase:firebase-auth:20.0.1] AndroidManifest.xml:45:9-62:20
165            android:name="com.google.firebase.auth.internal.RecaptchaActivity"
165-->[com.google.firebase:firebase-auth:20.0.1] AndroidManifest.xml:46:13-79
166            android:excludeFromRecents="true"
166-->[com.google.firebase:firebase-auth:20.0.1] AndroidManifest.xml:47:13-46
167            android:exported="true"
167-->[com.google.firebase:firebase-auth:20.0.1] AndroidManifest.xml:48:13-36
168            android:launchMode="singleTask"
168-->[com.google.firebase:firebase-auth:20.0.1] AndroidManifest.xml:49:13-44
169            android:theme="@android:style/Theme.Translucent.NoTitleBar" >
169-->[com.google.firebase:firebase-auth:20.0.1] AndroidManifest.xml:50:13-72
170            <intent-filter>
170-->[com.google.firebase:firebase-auth:20.0.1] AndroidManifest.xml:51:13-61:29
171                <action android:name="android.intent.action.VIEW" />
171-->src\main\AndroidManifest.xml:109:17-69
171-->src\main\AndroidManifest.xml:109:25-66
172
173                <category android:name="android.intent.category.DEFAULT" />
173-->src\main\AndroidManifest.xml:111:17-76
173-->src\main\AndroidManifest.xml:111:27-73
174                <category android:name="android.intent.category.BROWSABLE" />
174-->src\main\AndroidManifest.xml:112:17-78
174-->src\main\AndroidManifest.xml:112:27-75
175
176                <data
176-->src\main\AndroidManifest.xml:114:17-75
177                    android:host="firebase.auth"
178                    android:path="/"
179                    android:scheme="recaptcha" />
179-->src\main\AndroidManifest.xml:114:23-72
180            </intent-filter>
181        </activity>
182
183        <service
183-->[com.google.firebase:firebase-auth:20.0.1] AndroidManifest.xml:64:9-73:19
184            android:name="com.google.firebase.auth.api.fallback.service.FirebaseAuthFallbackService"
184-->[com.google.firebase:firebase-auth:20.0.1] AndroidManifest.xml:65:13-101
185            android:enabled="true"
185-->[com.google.firebase:firebase-auth:20.0.1] AndroidManifest.xml:66:13-35
186            android:exported="false" >
186-->[com.google.firebase:firebase-auth:20.0.1] AndroidManifest.xml:67:13-37
187            <intent-filter>
187-->[com.google.firebase:firebase-auth:20.0.1] AndroidManifest.xml:68:13-72:29
188                <action android:name="com.google.firebase.auth.api.gms.service.START" />
188-->[com.google.firebase:firebase-auth:20.0.1] AndroidManifest.xml:69:17-89
188-->[com.google.firebase:firebase-auth:20.0.1] AndroidManifest.xml:69:25-86
189
190                <category android:name="android.intent.category.DEFAULT" />
190-->src\main\AndroidManifest.xml:111:17-76
190-->src\main\AndroidManifest.xml:111:27-73
191            </intent-filter>
192        </service>
193        <service
193-->[com.google.firebase:firebase-auth:20.0.1] AndroidManifest.xml:74:9-80:19
194            android:name="com.google.firebase.components.ComponentDiscoveryService"
194-->[com.google.firebase:firebase-auth:20.0.1] AndroidManifest.xml:75:13-84
195            android:directBootAware="true"
195-->[com.google.firebase:firebase-common:19.4.0] AndroidManifest.xml:35:13-43
196            android:exported="false" >
196-->[com.google.firebase:firebase-auth:20.0.1] AndroidManifest.xml:76:13-37
197            <meta-data
197-->[com.google.firebase:firebase-auth:20.0.1] AndroidManifest.xml:77:13-79:85
198                android:name="com.google.firebase.components:com.google.firebase.auth.FirebaseAuthRegistrar"
198-->[com.google.firebase:firebase-auth:20.0.1] AndroidManifest.xml:78:17-109
199                android:value="com.google.firebase.components.ComponentRegistrar" />
199-->[com.google.firebase:firebase-auth:20.0.1] AndroidManifest.xml:79:17-82
200            <meta-data
200-->[com.google.firebase:firebase-database:19.5.1] AndroidManifest.xml:32:13-34:85
201                android:name="com.google.firebase.components:com.google.firebase.database.DatabaseRegistrar"
201-->[com.google.firebase:firebase-database:19.5.1] AndroidManifest.xml:33:17-109
202                android:value="com.google.firebase.components.ComponentRegistrar" />
202-->[com.google.firebase:firebase-database:19.5.1] AndroidManifest.xml:34:17-82
203            <meta-data
203-->[com.google.firebase:firebase-storage:19.2.0] AndroidManifest.xml:33:13-35:85
204                android:name="com.google.firebase.components:com.google.firebase.storage.StorageRegistrar"
204-->[com.google.firebase:firebase-storage:19.2.0] AndroidManifest.xml:34:17-107
205                android:value="com.google.firebase.components.ComponentRegistrar" />
205-->[com.google.firebase:firebase-storage:19.2.0] AndroidManifest.xml:35:17-82
206            <meta-data
206-->[com.google.android.gms:play-services-measurement-api:18.0.0] AndroidManifest.xml:30:13-32:85
207                android:name="com.google.firebase.components:com.google.firebase.analytics.connector.internal.AnalyticsConnectorRegistrar"
207-->[com.google.android.gms:play-services-measurement-api:18.0.0] AndroidManifest.xml:31:17-139
208                android:value="com.google.firebase.components.ComponentRegistrar" />
208-->[com.google.android.gms:play-services-measurement-api:18.0.0] AndroidManifest.xml:32:17-82
209            <meta-data
209-->[com.google.firebase:firebase-installations:16.3.2] AndroidManifest.xml:17:13-19:85
210                android:name="com.google.firebase.components:com.google.firebase.installations.FirebaseInstallationsRegistrar"
210-->[com.google.firebase:firebase-installations:16.3.2] AndroidManifest.xml:18:17-127
211                android:value="com.google.firebase.components.ComponentRegistrar" />
211-->[com.google.firebase:firebase-installations:16.3.2] AndroidManifest.xml:19:17-82
212        </service>
213
214        <activity
214-->[com.google.android.gms:play-services-auth:19.0.0] AndroidManifest.xml:23:9-27:75
215            android:name="com.google.android.gms.auth.api.signin.internal.SignInHubActivity"
215-->[com.google.android.gms:play-services-auth:19.0.0] AndroidManifest.xml:24:13-93
216            android:excludeFromRecents="true"
216-->[com.google.android.gms:play-services-auth:19.0.0] AndroidManifest.xml:25:13-46
217            android:exported="false"
217-->[com.google.android.gms:play-services-auth:19.0.0] AndroidManifest.xml:26:13-37
218            android:theme="@android:style/Theme.Translucent.NoTitleBar" />
218-->[com.google.android.gms:play-services-auth:19.0.0] AndroidManifest.xml:27:13-72
219        <!--
220            Service handling Google Sign-In user revocation. For apps that do not integrate with
221            Google Sign-In, this service will never be started.
222        -->
223        <service
223-->[com.google.android.gms:play-services-auth:19.0.0] AndroidManifest.xml:33:9-37:51
224            android:name="com.google.android.gms.auth.api.signin.RevocationBoundService"
224-->[com.google.android.gms:play-services-auth:19.0.0] AndroidManifest.xml:34:13-89
225            android:exported="true"
225-->[com.google.android.gms:play-services-auth:19.0.0] AndroidManifest.xml:35:13-36
226            android:permission="com.google.android.gms.auth.api.signin.permission.REVOCATION_NOTIFICATION"
226-->[com.google.android.gms:play-services-auth:19.0.0] AndroidManifest.xml:36:13-107
227            android:visibleToInstantApps="true" />
227-->[com.google.android.gms:play-services-auth:19.0.0] AndroidManifest.xml:37:13-48
228
229        <receiver
229-->[com.google.android.gms:play-services-measurement:18.0.0] AndroidManifest.xml:29:9-33:20
230            android:name="com.google.android.gms.measurement.AppMeasurementReceiver"
230-->[com.google.android.gms:play-services-measurement:18.0.0] AndroidManifest.xml:30:13-85
231            android:enabled="true"
231-->[com.google.android.gms:play-services-measurement:18.0.0] AndroidManifest.xml:31:13-35
232            android:exported="false" >
232-->[com.google.android.gms:play-services-measurement:18.0.0] AndroidManifest.xml:32:13-37
233        </receiver>
234
235        <service
235-->[com.google.android.gms:play-services-measurement:18.0.0] AndroidManifest.xml:35:9-38:40
236            android:name="com.google.android.gms.measurement.AppMeasurementService"
236-->[com.google.android.gms:play-services-measurement:18.0.0] AndroidManifest.xml:36:13-84
237            android:enabled="true"
237-->[com.google.android.gms:play-services-measurement:18.0.0] AndroidManifest.xml:37:13-35
238            android:exported="false" />
238-->[com.google.android.gms:play-services-measurement:18.0.0] AndroidManifest.xml:38:13-37
239        <service
239-->[com.google.android.gms:play-services-measurement:18.0.0] AndroidManifest.xml:39:9-43:72
240            android:name="com.google.android.gms.measurement.AppMeasurementJobService"
240-->[com.google.android.gms:play-services-measurement:18.0.0] AndroidManifest.xml:40:13-87
241            android:enabled="true"
241-->[com.google.android.gms:play-services-measurement:18.0.0] AndroidManifest.xml:41:13-35
242            android:exported="false"
242-->[com.google.android.gms:play-services-measurement:18.0.0] AndroidManifest.xml:42:13-37
243            android:permission="android.permission.BIND_JOB_SERVICE" />
243-->[com.google.android.gms:play-services-measurement:18.0.0] AndroidManifest.xml:43:13-69
244        <!--
245         The initialization ContentProvider will call FacebookSdk.sdkInitialize automatically
246         with the application context. This config is merged in with the host app's manifest,
247         but there can only be one provider with the same authority activated at any given
248         point; so if the end user has two or more different apps that use Facebook SDK, only the
249         first one will be able to use the provider. To work around this problem, we use the
250         following placeholder in the authority to identify each host application as if it was
251         a completely different provider.
252        -->
253        <provider
253-->[com.facebook.android:facebook-core:5.15.3] AndroidManifest.xml:39:9-42:40
254            android:name="com.facebook.internal.FacebookInitProvider"
254-->[com.facebook.android:facebook-core:5.15.3] AndroidManifest.xml:40:13-70
255            android:authorities="com.witnip.bmi.FacebookInitProvider"
255-->[com.facebook.android:facebook-core:5.15.3] AndroidManifest.xml:41:13-72
256            android:exported="false" />
256-->[com.facebook.android:facebook-core:5.15.3] AndroidManifest.xml:42:13-37
257
258        <receiver
258-->[com.facebook.android:facebook-core:5.15.3] AndroidManifest.xml:44:9-50:20
259            android:name="com.facebook.CurrentAccessTokenExpirationBroadcastReceiver"
259-->[com.facebook.android:facebook-core:5.15.3] AndroidManifest.xml:45:13-86
260            android:exported="false" >
260-->[com.facebook.android:facebook-core:5.15.3] AndroidManifest.xml:46:13-37
261            <intent-filter>
261-->[com.facebook.android:facebook-core:5.15.3] AndroidManifest.xml:47:13-49:29
262                <action android:name="com.facebook.sdk.ACTION_CURRENT_ACCESS_TOKEN_CHANGED" />
262-->[com.facebook.android:facebook-core:5.15.3] AndroidManifest.xml:48:17-95
262-->[com.facebook.android:facebook-core:5.15.3] AndroidManifest.xml:48:25-92
263            </intent-filter>
264        </receiver>
265
266        <activity
266-->[com.google.android.gms:play-services-base:17.1.0] AndroidManifest.xml:23:9-26:75
267            android:name="com.google.android.gms.common.api.GoogleApiActivity"
267-->[com.google.android.gms:play-services-base:17.1.0] AndroidManifest.xml:24:13-79
268            android:exported="false"
268-->[com.google.android.gms:play-services-base:17.1.0] AndroidManifest.xml:25:13-37
269            android:theme="@android:style/Theme.Translucent.NoTitleBar" />
269-->[com.google.android.gms:play-services-base:17.1.0] AndroidManifest.xml:26:13-72
270
271        <provider
271-->[com.google.firebase:firebase-common:19.4.0] AndroidManifest.xml:26:9-31:39
272            android:name="com.google.firebase.provider.FirebaseInitProvider"
272-->[com.google.firebase:firebase-common:19.4.0] AndroidManifest.xml:27:13-77
273            android:authorities="com.witnip.bmi.firebaseinitprovider"
273-->[com.google.firebase:firebase-common:19.4.0] AndroidManifest.xml:28:13-72
274            android:directBootAware="true"
274-->[com.google.firebase:firebase-common:19.4.0] AndroidManifest.xml:29:13-43
275            android:exported="false"
275-->[com.google.firebase:firebase-common:19.4.0] AndroidManifest.xml:30:13-37
276            android:initOrder="100" />
276-->[com.google.firebase:firebase-common:19.4.0] AndroidManifest.xml:31:13-36
277
278        <meta-data
278-->[com.google.android.gms:play-services-basement:17.1.1] AndroidManifest.xml:23:9-25:69
279            android:name="com.google.android.gms.version"
279-->[com.google.android.gms:play-services-basement:17.1.1] AndroidManifest.xml:24:13-58
280            android:value="@integer/google_play_services_version" />
280-->[com.google.android.gms:play-services-basement:17.1.1] AndroidManifest.xml:25:13-66
281
282        <provider
282-->[androidx.lifecycle:lifecycle-process:2.2.0] AndroidManifest.xml:25:9-29:43
283            android:name="androidx.lifecycle.ProcessLifecycleOwnerInitializer"
283-->[androidx.lifecycle:lifecycle-process:2.2.0] AndroidManifest.xml:26:13-79
284            android:authorities="com.witnip.bmi.lifecycle-process"
284-->[androidx.lifecycle:lifecycle-process:2.2.0] AndroidManifest.xml:27:13-69
285            android:exported="false"
285-->[androidx.lifecycle:lifecycle-process:2.2.0] AndroidManifest.xml:28:13-37
286            android:multiprocess="true" />
286-->[androidx.lifecycle:lifecycle-process:2.2.0] AndroidManifest.xml:29:13-40
287    </application>
288
289</manifest>